<?xml version="1.0" encoding="UTF-8" ?>
<testsuite errors="0" failures="0" hostname="HP" name="com.google.android.gcm.server.ResultTest" skipped="0" tests="2" time="0.111" timestamp="2015-05-19T22:09:18">
  <properties>
[...]
</properties>
  <testcase classname="com.google.android.gcm.server.ResultTest" name="testOptionalParameters" time="0.008" />
  <testcase classname="com.google.android.gcm.server.ResultTest" name="testRequiredParameters" time="0.0" />
  <system-out><![CDATA[]]></system-out>
  <system-err><![CDATA[]]></system-err>
</testsuite>
