# JRE version: Java(TM) SE Runtime Environment (7.0_79-b15) (build 1.7.0_79-b15)
# Java VM: Java HotSpot(TM) Client VM (24.79-b02 mixed mode windows-x86 )
Heap
 def new generation   total 11264K, used 8177K [0x04800000, 0x05430000, 0x09d50000)
  eden space 10048K,  69% used [0x04800000, 0x04ecc458, 0x051d0000)
  from space 1216K, 100% used [0x051d0000, 0x05300000, 0x05300000)
  to   space 1216K,   0% used [0x05300000, 0x05300000, 0x05430000)
 tenured generation   total 24896K, used 16319K [0x09d50000, 0x0b5a0000, 0x14800000)
   the space 24896K,  65% used [0x09d50000, 0x0ad3fc50, 0x0ad3fe00, 0x0b5a0000)
 compacting perm gen  total 20224K, used 20015K [0x14800000, 0x15bc0000, 0x18800000)
   the space 20224K,  98% used [0x14800000, 0x15b8bcc0, 0x15b8be00, 0x15bc0000)
GC Heap History (10 events):
Event: 4.519 GC heap before
{Heap before GC invocations=47 (full 1):
 def new generation   total 7616K, used 7401K [0x04800000, 0x05040000, 0x09d50000)
  eden space 6784K, 100% used [0x04800000, 0x04ea0000, 0x04ea0000)
  from space 832K,  74% used [0x04f70000, 0x0500a740, 0x05040000)
  to   space 832K,   0% used [0x04ea0000, 0x04ea0000, 0x04f70000)
 tenured generation   total 16868K, used 13593K [0x09d50000, 0x0adc9000, 0x14800000)
   the space 16868K,  80% used [0x09d50000, 0x0aa96750, 0x0aa96800, 0x0adc9000)
 compacting perm gen  total 17664K, used 17429K [0x14800000, 0x15940000, 0x18800000)
   the space 17664K,  98% used [0x14800000, 0x15905498, 0x15905600, 0x15940000)
No shared spaces configured.
Event: 4.523 GC heap after
Heap after GC invocations=48 (full 1):
 def new generation   total 7616K, used 832K [0x04800000, 0x05040000, 0x09d50000)
  eden space 6784K,   0% used [0x04800000, 0x04800000, 0x04ea0000)
  from space 832K, 100% used [0x04ea0000, 0x04f70000, 0x04f70000)
  to   space 832K,   0% used [0x04f70000, 0x04f70000, 0x05040000)
 tenured generation   total 16868K, used 14155K [0x09d50000, 0x0adc9000, 0x14800000)
   the space 16868K,  83% used [0x09d50000, 0x0ab22f98, 0x0ab23000, 0x0adc9000)
 compacting perm gen  total 17664K, used 17429K [0x14800000, 0x15940000, 0x18800000)
   the space 17664K,  98% used [0x14800000, 0x15905498, 0x15905600, 0x15940000)
No shared spaces configured.
}
Event: 4.599 GC heap before
{Heap before GC invocations=48 (full 1):
 def new generation   total 7616K, used 6911K [0x04800000, 0x05040000, 0x09d50000)
  eden space 6784K,  89% used [0x04800000, 0x04defff0, 0x04ea0000)
  from space 832K, 100% used [0x04ea0000, 0x04f70000, 0x04f70000)
  to   space 832K,   0% used [0x04f70000, 0x04f70000, 0x05040000)
 tenured generation   total 16868K, used 14155K [0x09d50000, 0x0adc9000, 0x14800000)
   the space 16868K,  83% used [0x09d50000, 0x0ab22f98, 0x0ab23000, 0x0adc9000)
 compacting perm gen  total 17920K, used 17759K [0x14800000, 0x15980000, 0x18800000)
   the space 17920K,  99% used [0x14800000, 0x15957eb8, 0x15958000, 0x15980000)
No shared spaces configured.
Event: 4.603 GC heap after
Heap after GC invocations=49 (full 1):
 def new generation   total 7616K, used 701K [0x04800000, 0x05040000, 0x09d50000)
  eden space 6784K,   0% used [0x04800000, 0x04800000, 0x04ea0000)
  from space 832K,  84% used [0x04f70000, 0x0501f448, 0x05040000)
  to   space 832K,   0% used [0x04ea0000, 0x04ea0000, 0x04f70000)
 tenured generation   total 16868K, used 14846K [0x09d50000, 0x0adc9000, 0x14800000)
   the space 16868K,  88% used [0x09d50000, 0x0abcf820, 0x0abcfa00, 0x0adc9000)
 compacting perm gen  total 17920K, used 17759K [0x14800000, 0x15980000, 0x18800000)
   the space 17920K,  99% used [0x14800000, 0x15957eb8, 0x15958000, 0x15980000)
No shared spaces configured.
}
Event: 4.622 GC heap before
{Heap before GC invocations=49 (full 1):
 def new generation   total 7616K, used 2345K [0x04800000, 0x05040000, 0x09d50000)
  eden space 6784K,  24% used [0x04800000, 0x0499b2c0, 0x04ea0000)
  from space 832K,  84% used [0x04f70000, 0x0501f448, 0x05040000)
  to   space 832K,   0% used [0x04ea0000, 0x04ea0000, 0x04f70000)
 tenured generation   total 16868K, used 14846K [0x09d50000, 0x0adc9000, 0x14800000)
   the space 16868K,  88% used [0x09d50000, 0x0abcf820, 0x0abcfa00, 0x0adc9000)
 compacting perm gen  total 17920K, used 17919K [0x14800000, 0x15980000, 0x18800000)
   the space 17920K,  99% used [0x14800000, 0x1597ffa8, 0x15980000, 0x15980000)
No shared spaces configured.
Event: 4.676 GC heap after
Heap after GC invocations=50 (full 2):
 def new generation   total 11264K, used 0K [0x04800000, 0x05430000, 0x09d50000)
  eden space 10048K,   0% used [0x04800000, 0x04800000, 0x051d0000)
  from space 1216K,   0% used [0x051d0000, 0x051d0000, 0x05300000)
  to   space 1216K,   0% used [0x05300000, 0x05300000, 0x05430000)
 tenured generation   total 24896K, used 14935K [0x09d50000, 0x0b5a0000, 0x14800000)
   the space 24896K,  59% used [0x09d50000, 0x0abe5e28, 0x0abe6000, 0x0b5a0000)
 compacting perm gen  total 17920K, used 17919K [0x14800000, 0x15980000, 0x18800000)
   the space 17920K,  99% used [0x14800000, 0x1597ffa8, 0x15980000, 0x15980000)
No shared spaces configured.
}
Event: 12.973 GC heap before
{Heap before GC invocations=50 (full 2):
 def new generation   total 11264K, used 10048K [0x04800000, 0x05430000, 0x09d50000)
  eden space 10048K, 100% used [0x04800000, 0x051d0000, 0x051d0000)
  from space 1216K,   0% used [0x051d0000, 0x051d0000, 0x05300000)
  to   space 1216K,   0% used [0x05300000, 0x05300000, 0x05430000)
 tenured generation   total 24896K, used 14935K [0x09d50000, 0x0b5a0000, 0x14800000)
   the space 24896K,  59% used [0x09d50000, 0x0abe5e28, 0x0abe6000, 0x0b5a0000)
 compacting perm gen  total 18944K, used 18690K [0x14800000, 0x15a80000, 0x18800000)
   the space 18944K,  98% used [0x14800000, 0x15a40950, 0x15a40a00, 0x15a80000)
No shared spaces configured.
Event: 12.979 GC heap after
Heap after GC invocations=51 (full 2):
 def new generation   total 11264K, used 1216K [0x04800000, 0x05430000, 0x09d50000)
  eden space 10048K,   0% used [0x04800000, 0x04800000, 0x051d0000)
  from space 1216K, 100% used [0x05300000, 0x05430000, 0x05430000)
  to   space 1216K,   0% used [0x051d0000, 0x051d0000, 0x05300000)
 tenured generation   total 24896K, used 15106K [0x09d50000, 0x0b5a0000, 0x14800000)
   the space 24896K,  60% used [0x09d50000, 0x0ac10bf0, 0x0ac10c00, 0x0b5a0000)
 compacting perm gen  total 18944K, used 18690K [0x14800000, 0x15a80000, 0x18800000)
   the space 18944K,  98% used [0x14800000, 0x15a40950, 0x15a40a00, 0x15a80000)
No shared spaces configured.
}
Event: 13.390 GC heap before
{Heap before GC invocations=51 (full 2):
 def new generation   total 11264K, used 11264K [0x04800000, 0x05430000, 0x09d50000)
  eden space 10048K, 100% used [0x04800000, 0x051d0000, 0x051d0000)
  from space 1216K, 100% used [0x05300000, 0x05430000, 0x05430000)
  to   space 1216K,   0% used [0x051d0000, 0x051d0000, 0x05300000)
 tenured generation   total 24896K, used 15106K [0x09d50000, 0x0b5a0000, 0x14800000)
   the space 24896K,  60% used [0x09d50000, 0x0ac10bf0, 0x0ac10c00, 0x0b5a0000)
 compacting perm gen  total 19712K, used 19467K [0x14800000, 0x15b40000, 0x18800000)
   the space 19712K,  98% used [0x14800000, 0x15b02c50, 0x15b02e00, 0x15b40000)
No shared spaces configured.
Event: 13.399 GC heap after
Heap after GC invocations=52 (full 2):
 def new generation   total 11264K, used 1216K [0x04800000, 0x05430000, 0x09d50000)
  eden space 10048K,   0% used [0x04800000, 0x04800000, 0x051d0000)
  from space 1216K, 100% used [0x051d0000, 0x05300000, 0x05300000)
  to   space 1216K,   0% used [0x05300000, 0x05300000, 0x05430000)
 tenured generation   total 24896K, used 16319K [0x09d50000, 0x0b5a0000, 0x14800000)
   the space 24896K,  65% used [0x09d50000, 0x0ad3fc50, 0x0ad3fe00, 0x0b5a0000)
 compacting perm gen  total 19712K, used 19467K [0x14800000, 0x15b40000, 0x18800000)
   the space 19712K,  98% used [0x14800000, 0x15b02c50, 0x15b02e00, 0x15b40000)
No shared spaces configured.
}

